<?xml version="1.0" encoding="UTF-8"?>
<!-- Generated by org.testng.reporters.JUnitXMLReporter -->
<testsuite ignored="0" hostname="DESKTOP-QTH2HED" failures="0" tests="15" name="Test" time="249.545" errors="0" timestamp="2025-10-04T10:20:30 IST">
  <testcase classname="testClasses.LoginFunctionality" name="verifyLoginScreen" time="24.515"/>
  <testcase classname="testClasses.LoginFunctionality" name="VerifyEnteredMobileNumber" time="18.063"/>
  <testcase classname="testClasses.LoginFunctionality" name="verifyEnterOTPField" time="10.021"/>
  <testcase classname="testClasses.LoginFunctionality" name="verifyErrorMassage" time="18.332"/>
  <testcase classname="testClasses.LoginFunctionality" name="verifyToastMassage" time="18.035"/>
  <testcase classname="testClasses.LoginFunctionality" name="verifyHomeScreen" time="33.45"/>
  <testcase classname="testClasses.TopMenubarFunctionality" name="verifyPresenceOfFlipkartImage" time="0.054"/>
  <testcase classname="testClasses.TopMenubarFunctionality" name="verifyPageReloadAndNavigateToHomePage" time="6.628"/>
  <testcase classname="testClasses.TopMenubarFunctionality" name="VerifyPresenceOfSearchField" time="0.134"/>
  <testcase classname="testClasses.TopMenubarFunctionality" name="verifyTrendingProductListAppeared" time="0.718"/>
  <testcase classname="testClasses.TopMenubarFunctionality" name="verifySearchHistoryTextAppeared" time="43.636"/>
  <testcase classname="testClasses.TopMenubarFunctionality" name="verifySearchIconClickable" time="6.304"/>
  <testcase classname="testClasses.TopMenubarFunctionality" name="verifyUserProfileOptionListAppeared" time="5.04"/>
  <testcase classname="testClasses.TopMenubarFunctionality" name="verifyAppearanceOfCartOption" time="0.192"/>
  <testcase classname="testClasses.TopMenubarFunctionality" name="verifyTheCartItemCount" time="10.247"/>
</testsuite> <!-- Test -->
